2023-04-29 13:23:49,639 INFO com.capstone.client.project.EmployeeCapstoneManagementApplication [main] Starting EmployeeCapstoneManagementApplication using Java 17.0.6 on HP with PID 22136 (C:\capstone\employee-capstone-management\bin\main started by Rural Water in C:\capstone\employee-capstone-management)
2023-04-29 13:23:49,650 INFO com.capstone.client.project.EmployeeCapstoneManagementApplication [main] No active profile set, falling back to 1 default profile: "default"
2023-04-29 13:23:50,814 INFO org.springframework.data.repository.config.RepositoryConfigurationDelegate [main] Bootstrapping Spring Data JPA repositories in DEFAULT mode.
2023-04-29 13:23:50,899 INFO org.springframework.data.repository.config.RepositoryConfigurationDelegate [main] Finished Spring Data repository scanning in 67 ms. Found 1 JPA repository interfaces.
2023-04-29 13:23:51,751 INFO org.springframework.boot.web.embedded.tomcat.TomcatWebServer [main] Tomcat initialized with port(s): 8286 (https)
2023-04-29 13:23:51,766 INFO org.apache.catalina.core.StandardService [main] Starting service [Tomcat]
2023-04-29 13:23:51,767 INFO org.apache.catalina.core.StandardEngine [main] Starting Servlet engine: [Apache Tomcat/9.0.74]
2023-04-29 13:23:52,274 INFO org.apache.catalina.core.ContainerBase.[Tomcat].[localhost].[/] [main] Initializing Spring embedded WebApplicationContext
2023-04-29 13:23:52,275 INFO org.springframework.boot.web.servlet.context.ServletWebServerApplicationContext [main] Root WebApplicationContext: initialization completed in 2532 ms
2023-04-29 13:23:52,517 INFO org.hibernate.jpa.internal.util.LogHelper [main] HHH000204: Processing PersistenceUnitInfo [name: default]
2023-04-29 13:23:52,617 INFO org.hibernate.Version [main] HHH000412: Hibernate ORM core version 5.6.15.Final
2023-04-29 13:23:52,874 INFO org.hibernate.annotations.common.Version [main] HCANN000001: Hibernate Commons Annotations {5.1.2.Final}
2023-04-29 13:23:53,035 INFO com.zaxxer.hikari.HikariDataSource [main] HikariPool-1 - Starting...
2023-04-29 13:23:53,483 INFO com.zaxxer.hikari.HikariDataSource [main] HikariPool-1 - Start completed.
2023-04-29 13:23:53,524 INFO org.hibernate.dialect.Dialect [main] HHH000400: Using dialect: org.hibernate.dialect.MySQL8Dialect
2023-04-29 13:23:54,377 INFO org.hibernate.engine.transaction.jta.platform.internal.JtaPlatformInitiator [main] HHH000490: Using JtaPlatform implementation: [org.hibernate.engine.transaction.jta.platform.internal.NoJtaPlatform]
2023-04-29 13:23:54,389 INFO org.springframework.orm.jpa.LocalContainerEntityManagerFactoryBean [main] Initialized JPA EntityManagerFactory for persistence unit 'default'
2023-04-29 13:23:54,713 WARN org.springframework.boot.autoconfigure.orm.jpa.JpaBaseConfiguration$JpaWebConfiguration [main] spring.jpa.open-in-view is enabled by default. Therefore, database queries may be performed during view rendering. Explicitly configure spring.jpa.open-in-view to disable this warning
2023-04-29 13:23:55,456 INFO org.apache.tomcat.util.net.NioEndpoint.certificate [main] Connector [https-jsse-nio-8286], TLS virtual host [_default_], certificate type [UNDEFINED] configured from [file:/C:/capstone/employee-capstone-management/bin/main/keytool.p12] using alias [springboot] and with trust store [null]
2023-04-29 13:23:55,490 INFO org.springframework.boot.web.embedded.tomcat.TomcatWebServer [main] Tomcat started on port(s): 8286 (https) with context path ''
2023-04-29 13:23:55,505 INFO com.capstone.client.project.EmployeeCapstoneManagementApplication [main] Started EmployeeCapstoneManagementApplication in 6.757 seconds (JVM running for 8.845)
2023-04-29 15:02:36,334 INFO org.springframework.boot.admin.SpringApplicationAdminMXBeanRegistrar$SpringApplicationAdmin [RMI TCP Connection(102)-127.0.0.1] Application shutdown requested.
2023-04-29 15:02:36,553 INFO org.apache.catalina.core.StandardService [RMI TCP Connection(102)-127.0.0.1] Stopping service [Tomcat]
2023-04-29 15:02:36,616 INFO org.springframework.orm.jpa.LocalContainerEntityManagerFactoryBean [RMI TCP Connection(102)-127.0.0.1] Closing JPA EntityManagerFactory for persistence unit 'default'
2023-04-29 15:02:36,641 INFO com.zaxxer.hikari.HikariDataSource [RMI TCP Connection(102)-127.0.0.1] HikariPool-1 - Shutdown initiated...
2023-04-29 15:02:36,665 INFO com.zaxxer.hikari.HikariDataSource [RMI TCP Connection(102)-127.0.0.1] HikariPool-1 - Shutdown completed.
2023-04-29 22:17:51,422 INFO com.capstone.client.project.EmployeeCapstoneManagementApplication [main] Starting EmployeeCapstoneManagementApplication using Java 17.0.6 on HP with PID 16616 (C:\capstone\employee-capstone-management\bin\main started by Rural Water in C:\capstone\employee-capstone-management)
2023-04-29 22:17:51,425 INFO com.capstone.client.project.EmployeeCapstoneManagementApplication [main] No active profile set, falling back to 1 default profile: "default"
2023-04-29 22:17:51,896 INFO org.springframework.data.repository.config.RepositoryConfigurationDelegate [main] Bootstrapping Spring Data JPA repositories in DEFAULT mode.
2023-04-29 22:17:51,940 INFO org.springframework.data.repository.config.RepositoryConfigurationDelegate [main] Finished Spring Data repository scanning in 36 ms. Found 1 JPA repository interfaces.
