2023-04-28 11:08:24,929 INFO org.springframework.data.repository.config.RepositoryConfigurationDelegate [Test worker] Bootstrapping Spring Data JPA repositories in DEFAULT mode.
2023-04-28 11:08:25,161 INFO org.springframework.data.repository.config.RepositoryConfigurationDelegate [Test worker] Finished Spring Data repository scanning in 209 ms. Found 1 JPA repository interfaces.
2023-04-28 11:08:26,344 INFO org.hibernate.jpa.internal.util.LogHelper [Test worker] HHH000204: Processing PersistenceUnitInfo [name: default]
2023-04-28 11:08:26,525 INFO org.hibernate.Version [Test worker] HHH000412: Hibernate ORM core version 5.6.15.Final
2023-04-28 11:08:26,885 INFO org.hibernate.annotations.common.Version [Test worker] HCANN000001: Hibernate Commons Annotations {5.1.2.Final}
2023-04-28 11:08:27,135 INFO com.zaxxer.hikari.HikariDataSource [Test worker] HikariPool-1 - Starting...
2023-04-28 11:08:27,917 INFO com.zaxxer.hikari.HikariDataSource [Test worker] HikariPool-1 - Start completed.
2023-04-28 11:08:28,002 INFO org.hibernate.dialect.Dialect [Test worker] HHH000400: Using dialect: org.hibernate.dialect.MySQL8Dialect
2023-04-28 11:08:29,457 INFO org.hibernate.engine.transaction.jta.platform.internal.JtaPlatformInitiator [Test worker] HHH000490: Using JtaPlatform implementation: [org.hibernate.engine.transaction.jta.platform.internal.NoJtaPlatform]
2023-04-28 11:08:29,476 INFO org.springframework.orm.jpa.LocalContainerEntityManagerFactoryBean [Test worker] Initialized JPA EntityManagerFactory for persistence unit 'default'
2023-04-28 11:08:30,455 WARN org.springframework.boot.autoconfigure.orm.jpa.JpaBaseConfiguration$JpaWebConfiguration [Test worker] spring.jpa.open-in-view is enabled by default. Therefore, database queries may be performed during view rendering. Explicitly configure spring.jpa.open-in-view to disable this warning
2023-04-28 11:08:31,710 INFO com.capstone.client.project.EmployeeCapstoneManagementApplicationTests [Test worker] Started EmployeeCapstoneManagementApplicationTests in 8.624 seconds (JVM running for 12.207)
2023-04-28 11:08:32,290 INFO org.springframework.orm.jpa.LocalContainerEntityManagerFactoryBean [SpringApplicationShutdownHook] Closing JPA EntityManagerFactory for persistence unit 'default'
2023-04-28 11:08:32,294 INFO com.zaxxer.hikari.HikariDataSource [SpringApplicationShutdownHook] HikariPool-1 - Shutdown initiated...
2023-04-28 11:08:32,311 INFO com.zaxxer.hikari.HikariDataSource [SpringApplicationShutdownHook] HikariPool-1 - Shutdown completed.
2023-04-28 16:14:20,718 INFO com.capstone.client.project.EmployeeCapstoneManagementApplication [main] Starting EmployeeCapstoneManagementApplication using Java 17.0.6 on HP with PID 19616 (C:\capstone\employee-capstone-management\bin\main started by Rural Water in C:\capstone\employee-capstone-management)
2023-04-28 16:14:20,722 INFO com.capstone.client.project.EmployeeCapstoneManagementApplication [main] No active profile set, falling back to 1 default profile: "default"
2023-04-28 16:14:21,609 INFO org.springframework.data.repository.config.RepositoryConfigurationDelegate [main] Bootstrapping Spring Data JPA repositories in DEFAULT mode.
2023-04-28 16:14:21,699 INFO org.springframework.data.repository.config.RepositoryConfigurationDelegate [main] Finished Spring Data repository scanning in 72 ms. Found 1 JPA repository interfaces.
2023-04-28 16:14:22,323 INFO org.springframework.boot.web.embedded.tomcat.TomcatWebServer [main] Tomcat initialized with port(s): 8286 (https)
2023-04-28 16:14:22,335 INFO org.apache.catalina.core.StandardService [main] Starting service [Tomcat]
2023-04-28 16:14:22,335 INFO org.apache.catalina.core.StandardEngine [main] Starting Servlet engine: [Apache Tomcat/9.0.74]
2023-04-28 16:14:22,731 INFO org.apache.catalina.core.ContainerBase.[Tomcat].[localhost].[/] [main] Initializing Spring embedded WebApplicationContext
2023-04-28 16:14:22,732 INFO org.springframework.boot.web.servlet.context.ServletWebServerApplicationContext [main] Root WebApplicationContext: initialization completed in 1867 ms
2023-04-28 16:14:22,897 INFO org.hibernate.jpa.internal.util.LogHelper [main] HHH000204: Processing PersistenceUnitInfo [name: default]
2023-04-28 16:14:22,951 INFO org.hibernate.Version [main] HHH000412: Hibernate ORM core version 5.6.15.Final
2023-04-28 16:14:23,103 INFO org.hibernate.annotations.common.Version [main] HCANN000001: Hibernate Commons Annotations {5.1.2.Final}
2023-04-28 16:14:23,195 INFO com.zaxxer.hikari.HikariDataSource [main] HikariPool-1 - Starting...
2023-04-28 16:14:23,532 INFO com.zaxxer.hikari.HikariDataSource [main] HikariPool-1 - Start completed.
2023-04-28 16:14:23,562 INFO org.hibernate.dialect.Dialect [main] HHH000400: Using dialect: org.hibernate.dialect.MySQL8Dialect
2023-04-28 16:14:24,147 INFO org.hibernate.engine.transaction.jta.platform.internal.JtaPlatformInitiator [main] HHH000490: Using JtaPlatform implementation: [org.hibernate.engine.transaction.jta.platform.internal.NoJtaPlatform]
2023-04-28 16:14:24,155 INFO org.springframework.orm.jpa.LocalContainerEntityManagerFactoryBean [main] Initialized JPA EntityManagerFactory for persistence unit 'default'
